<?xml version="1.0" encoding="UTF-8"?>
<testsuite xmlns:xsi="http://www.w3.org/2001/XMLSchema-instance" xsi:noNamespaceSchemaLocation="https://maven.apache.org/surefire/maven-surefire-plugin/xsd/surefire-test-report.xsd" name="com.swingy.app.AppTest" time="0.034" tests="1" errors="0" skipped="0" failures="0">
  <properties>
    <property name="java.specification.version" value="14"/>
    <property name="sun.jnu.encoding" value="UTF-8"/>
    <property name="java.class.path" value="/goinfre/nmashimb/Desktop/wingy/swingy/target/test-classes:/goinfre/nmashimb/Desktop/wingy/swingy/target/classes:/goinfre/nmashimb/.m2/repository/junit/junit/4.11/junit-4.11.jar:/goinfre/nmashimb/.m2/repository/org/hamcrest/hamcrest-core/1.3/hamcrest-core-1.3.jar:/goinfre/nmashimb/.m2/repository/org/hibernate/validator/hibernate-validator/6.1.5.Final/hibernate-validator-6.1.5.Final.jar:/goinfre/nmashimb/.m2/repository/jakarta/validation/jakarta.validation-api/2.0.2/jakarta.validation-api-2.0.2.jar:/goinfre/nmashimb/.m2/repository/org/jboss/logging/jboss-logging/3.3.2.Final/jboss-logging-3.3.2.Final.jar:/goinfre/nmashimb/.m2/repository/com/fasterxml/classmate/1.3.4/classmate-1.3.4.jar:/goinfre/nmashimb/.m2/repository/javax/validation/validation-api/2.0.0.Final/validation-api-2.0.0.Final.jar:/goinfre/nmashimb/.m2/repository/org/hibernate/validator/hibernate-validator-annotation-processor/6.0.2.Final/hibernate-validator-annotation-processor-6.0.2.Final.jar:/goinfre/nmashimb/.m2/repository/javax/el/javax.el-api/3.0.0/javax.el-api-3.0.0.jar:/goinfre/nmashimb/.m2/repository/org/glassfish/web/javax.el/2.2.6/javax.el-2.2.6.jar:"/>
    <property name="java.vm.vendor" value="Oracle Corporation"/>
    <property name="sun.arch.data.model" value="64"/>
    <property name="java.vendor.url" value="https://openjdk.java.net/"/>
    <property name="os.name" value="Mac OS X"/>
    <property name="java.vm.specification.version" value="14"/>
    <property name="sun.java.launcher" value="SUN_STANDARD"/>
    <property name="user.country" value="ZA"/>
    <property name="sun.boot.library.path" value="/goinfre/nmashimb/.brew/Cellar/openjdk/14.0.1/libexec/openjdk.jdk/Contents/Home/lib"/>
    <property name="sun.java.command" value="/goinfre/nmashimb/Desktop/wingy/swingy/target/surefire/surefirebooter14277245549564927914.jar /goinfre/nmashimb/Desktop/wingy/swingy/target/surefire 2020-10-08T17-28-46_341-jvmRun1 surefire12085099992319045250tmp surefire_04571465526559002939tmp"/>
    <property name="http.nonProxyHosts" value="local|*.local|169.254/16|*.169.254/16"/>
    <property name="jdk.debug" value="release"/>
    <property name="surefire.test.class.path" value="/goinfre/nmashimb/Desktop/wingy/swingy/target/test-classes:/goinfre/nmashimb/Desktop/wingy/swingy/target/classes:/goinfre/nmashimb/.m2/repository/junit/junit/4.11/junit-4.11.jar:/goinfre/nmashimb/.m2/repository/org/hamcrest/hamcrest-core/1.3/hamcrest-core-1.3.jar:/goinfre/nmashimb/.m2/repository/org/hibernate/validator/hibernate-validator/6.1.5.Final/hibernate-validator-6.1.5.Final.jar:/goinfre/nmashimb/.m2/repository/jakarta/validation/jakarta.validation-api/2.0.2/jakarta.validation-api-2.0.2.jar:/goinfre/nmashimb/.m2/repository/org/jboss/logging/jboss-logging/3.3.2.Final/jboss-logging-3.3.2.Final.jar:/goinfre/nmashimb/.m2/repository/com/fasterxml/classmate/1.3.4/classmate-1.3.4.jar:/goinfre/nmashimb/.m2/repository/javax/validation/validation-api/2.0.0.Final/validation-api-2.0.0.Final.jar:/goinfre/nmashimb/.m2/repository/org/hibernate/validator/hibernate-validator-annotation-processor/6.0.2.Final/hibernate-validator-annotation-processor-6.0.2.Final.jar:/goinfre/nmashimb/.m2/repository/javax/el/javax.el-api/3.0.0/javax.el-api-3.0.0.jar:/goinfre/nmashimb/.m2/repository/org/glassfish/web/javax.el/2.2.6/javax.el-2.2.6.jar:"/>
    <property name="sun.cpu.endian" value="little"/>
    <property name="user.home" value="/goinfre/nmashimb"/>
    <property name="user.language" value="en"/>
    <property name="java.specification.vendor" value="Oracle Corporation"/>
    <property name="java.version.date" value="2020-04-14"/>
    <property name="java.home" value="/goinfre/nmashimb/.brew/Cellar/openjdk/14.0.1/libexec/openjdk.jdk/Contents/Home"/>
    <property name="file.separator" value="/"/>
    <property name="basedir" value="/goinfre/nmashimb/Desktop/wingy/swingy"/>
    <property name="java.vm.compressedOopsMode" value="Zero based"/>
    <property name="line.separator" value="&#10;"/>
    <property name="java.specification.name" value="Java Platform API Specification"/>
    <property name="java.vm.specification.vendor" value="Oracle Corporation"/>
    <property name="surefire.real.class.path" value="/goinfre/nmashimb/Desktop/wingy/swingy/target/surefire/surefirebooter14277245549564927914.jar"/>
    <property name="sun.management.compiler" value="HotSpot 64-Bit Tiered Compilers"/>
    <property name="ftp.nonProxyHosts" value="local|*.local|169.254/16|*.169.254/16"/>
    <property name="java.runtime.version" value="14.0.1+14"/>
    <property name="user.name" value="nmashimb"/>
    <property name="path.separator" value=":"/>
    <property name="os.version" value="10.14.6"/>
    <property name="java.runtime.name" value="OpenJDK Runtime Environment"/>
    <property name="file.encoding" value="UTF-8"/>
    <property name="java.vm.name" value="OpenJDK 64-Bit Server VM"/>
    <property name="localRepository" value="/goinfre/nmashimb/.m2/repository"/>
    <property name="java.vendor.url.bug" value="https://bugreport.java.com/bugreport/"/>
    <property name="java.io.tmpdir" value="/var/folders/zz/zyxvpxvq6csfxvn_n0000vyw0006zq/T/"/>
    <property name="java.version" value="14.0.1"/>
    <property name="user.dir" value="/goinfre/nmashimb/Desktop/wingy/swingy"/>
    <property name="os.arch" value="x86_64"/>
    <property name="java.vm.specification.name" value="Java Virtual Machine Specification"/>
    <property name="java.library.path" value="/goinfre/nmashimb/Library/Java/Extensions:/Library/Java/Extensions:/Network/Library/Java/Extensions:/System/Library/Java/Extensions:/usr/lib/java:."/>
    <property name="java.vm.info" value="mixed mode, sharing"/>
    <property name="java.vendor" value="N/A"/>
    <property name="java.vm.version" value="14.0.1+14"/>
    <property name="sun.io.unicode.encoding" value="UnicodeBig"/>
    <property name="socksNonProxyHosts" value="local|*.local|169.254/16|*.169.254/16"/>
    <property name="java.class.version" value="58.0"/>
  </properties>
  <testcase name="shouldAnswerWithTrue" classname="com.swingy.app.AppTest" time="0.002"/>
</testsuite>